<?xml version="1.0" encoding="UTF-8"?>
<!-- Generated by org.testng.reporters.JUnitReportReporter -->
<testsuite hostname="USMUMABHISHAGR2" name="learning.testScripts.AgodaTest" tests="3" failures="0" timestamp="17 Apr 2019 08:23:36 GMT" time="2.790" errors="0">
  <testcase name="searchHotelwithMinimumPrice" time="0.806" classname="learning.testScripts.AgodaTest"/>
  <testcase name="confirmBooking" time="0.876" classname="learning.testScripts.AgodaTest"/>
  <testcase name="enterDetails" time="1.108" classname="learning.testScripts.AgodaTest"/>
</testsuite> <!-- learning.testScripts.AgodaTest -->
